2023-11-09 10:32:33,912 INFO:main.py:234:print_splash_screen:PDB2PQR v3.2.0: biomolecular structure conversion software.
2023-11-09 10:32:33,912 INFO:main.py:236:print_splash_screen:Please cite:  Jurrus E, et al.  Improvements to the APBS biomolecular solvation software suite.  Protein Sci 27 112-128 (2018).
2023-11-09 10:32:33,912 INFO:main.py:236:print_splash_screen:Please cite:  Dolinsky TJ, et al.  PDB2PQR: expanding and upgrading automated preparation of biomolecular structures for molecular simulations. Nucleic Acids Res 35 W522-W525 (2007).
2023-11-09 10:32:33,912 INFO:main.py:741:main_driver:Checking and transforming input arguments.
2023-11-09 10:32:33,913 INFO:main.py:745:main_driver:Loading topology files.
2023-11-09 10:32:33,960 INFO:main.py:747:main_driver:Loading molecule: /data/jiang/affi/bindppi/1a2k_out/1A2K_min_noH.pdb
2023-11-09 10:32:33,984 INFO:main.py:752:main_driver:Setting up molecule.
2023-11-09 10:32:34,003 INFO:main.py:402:setup_molecule:Created biomolecule object with 444 residues and 3576 atoms.
2023-11-09 10:32:34,003 INFO:main.py:756:main_driver:Setting termini states for biomolecule chains.
2023-11-09 10:32:34,014 INFO:main.py:595:non_trivial:Loading forcefield.
2023-11-09 10:32:34,030 INFO:main.py:599:non_trivial:Loading hydrogen topology definitions.
2023-11-09 10:32:34,033 INFO:main.py:453:is_repairable:This biomolecule is clean.  No repair needed.
2023-11-09 10:32:34,033 INFO:main.py:614:non_trivial:Updating disulfide bridges.
2023-11-09 10:32:34,034 INFO:main.py:617:non_trivial:Debumping biomolecule.
2023-11-09 10:32:34,136 INFO:main.py:634:non_trivial:Adding hydrogens to biomolecule.
2023-11-09 10:32:34,591 INFO:main.py:637:non_trivial:Debumping biomolecule (again).
2023-11-09 10:32:35,167 INFO:main.py:639:non_trivial:Optimizing hydrogen bonds
2023-11-09 10:32:36,533 INFO:main.py:651:non_trivial:Applying force field to biomolecule states.
2023-11-09 10:32:36,541 INFO:main.py:695:non_trivial:Regenerating headers.
2023-11-09 10:32:36,542 INFO:main.py:720:non_trivial:Regenerating PDB lines.
2023-11-09 10:32:36,579 WARNING:main.py:305:print_pqr:Ignoring 393 header lines in output.
