 Parameter: PATH <- "/DATA/JIANG/AFFI/BINDPPI/1A2K_OUT"
 Parameter: PROTNAME <- "1A2K"
 Parameter: NUMP <- "3"
 Parameter: PATHPARA <- "/DATA/JIANG/AFFI/BINDPPI/INPUTFILES"
1
                 Chemistry at HARvard Macromolecular Mechanics
                (CHARMM) - Free Version 41b2   February 15, 2017                
                                Revision unknown                                
       Copyright(c) 1984-2014  President and Fellows of Harvard College
                              All Rights Reserved
     Current operating system: Linux-3.10.0-1160.88.1.el7.x86_64(x86_64)@gp     
                 Created on 11/9/23 at 10:32:22 by user: jiang       

            Maximum number of ATOMS:    360720, and RESidues:      120240
 RDTITL> * APPEND THE PDBS
 RDTITL> *
  
 CHARMM>    bomlev -2
  
 CHARMM>     
  
 CHARMM>    set pathpara @pathpara
 Parameter: PATHPARA -> "/DATA/JIANG/AFFI/BINDPPI/INPUTFILES"
 Parameter: PATHPARA <- "/DATA/JIANG/AFFI/BINDPPI/INPUTFILES"
  
 CHARMM>     
  
 CHARMM>    ! Read in Topology and  Parameter files
 CHARMM>    read rtf card name @pathpara/top_all36_prot.rtf
 Parameter: PATHPARA -> "/DATA/JIANG/AFFI/BINDPPI/INPUTFILES"
 VOPEN> Attempting to open::/data/jiang/affi/bindppi/inputfiles/top_all36_prot.rtf::
 MAINIO> Residue topology file being read from unit  90.
 TITLE> *>>>>>>>>CHARMM36 ALL-HYDROGEN TOPOLOGY FILE FOR PROTEINS <<<<<<
 TITLE> *>>>>> INCLUDES PHI, PSI CROSS TERM MAP (CMAP) CORRECTION <<<<<<<
 TITLE> *>>>>>>>>>>>>>>>>>>>>>>>>>> MAY 2011 <<<<<<<<<<<<<<<<<<<<<<<<<<<<
 TITLE> * ALL COMMENTS TO THE CHARMM WEB SITE: WWW.CHARMM.ORG
 TITLE> *             PARAMETER SET DISCUSSION FORUM
 TITLE> *
 VCLOSE: Closing unit   90 with status "KEEP"
  
 CHARMM>    read param card name @pathpara/par_all36_prot.prm
 Parameter: PATHPARA -> "/DATA/JIANG/AFFI/BINDPPI/INPUTFILES"
 VOPEN> Attempting to open::/data/jiang/affi/bindppi/inputfiles/par_all36_prot.prm::

          PARAMETER FILE BEING READ FROM UNIT 90
 TITLE> *>>>> CHARMM36 ALL-HYDROGEN PARAMETER FILE FOR PROTEINS <<<<<<<<<<
 TITLE> *>>>>> INCLUDES PHI, PSI CROSS TERM MAP (CMAP) CORRECTION <<<<<<<<
 TITLE> *>>>>>>>>>>>>>>>>>>>>>>>>>> FEB. 2012 <<<<<<<<<<<<<<<<<<<<<<<<<<<<
 TITLE> * ALL COMMENTS TO THE CHARMM WEB SITE: WWW.CHARMM.ORG
 TITLE> *             PARAMETER SET DISCUSSION FORUM
 TITLE> *
 PARMIO> NONBOND, HBOND lists and IMAGE atoms cleared.
 VCLOSE: Closing unit   90 with status "KEEP"
  
 CHARMM>     
  
 CHARMM>    ! Read PSF from file
 CHARMM>     
  
 CHARMM>    OPEN UNIT 1 FORM READ NAME @path/@protname_ch1.psf
 Parameter: PATH -> "/DATA/JIANG/AFFI/BINDPPI/1A2K_OUT"
 Parameter: PROTNAME -> "1A2K"
 VOPEN> Attempting to open::/data/jiang/affi/bindppi/1a2k_out/1a2k_ch1.psf::
 OPNLGU> Unit  1 opened for READONLY access to /data/jiang/affi/bindppi/1a2k_out/1a2k_ch1.psf
  
 CHARMM>    READ PSF CARD UNIT 1
 MAINIO> Protein structure file being read from unit   1.
 TITLE>  * PSF
 TITLE>  *  DATE:    11/ 9/23     10:32:21      CREATED BY USER: jiang
 TITLE>  *
 PSFSUM> PSF modified: NONBOND lists and IMAGE atoms cleared.
 PSFSUM> Summary of the structure file counters :
         Number of segments      =        1   Number of residues   =      124
         Number of atoms         =     1962   Number of groups     =      602
         Number of bonds         =     1988   Number of angles     =     3583
         Number of dihedrals     =     5258   Number of impropers  =      368
         Number of cross-terms   =      122
         Number of HB acceptors  =      190   Number of HB donors  =      212
         Number of NB exclusions =        0   Total charge =   -5.00000
  
 CHARMM>    CLOSe UNIT 1
 VCLOSE: Closing unit    1 with status "KEEP"
  
 CHARMM>     
  
 CHARMM>    OPEN UNIT 1 CARD READ NAME @path/@protname_ch1.crd
 Parameter: PATH -> "/DATA/JIANG/AFFI/BINDPPI/1A2K_OUT"
 Parameter: PROTNAME -> "1A2K"
 VOPEN> Attempting to open::/data/jiang/affi/bindppi/1a2k_out/1a2k_ch1.crd::
 OPNLGU> Unit  1 opened for READONLY access to /data/jiang/affi/bindppi/1a2k_out/1a2k_ch1.crd
  
 CHARMM>    READ COOR CARD UNIT 1 SELEct SEGId ch1 END
 SELRPN>   1962 atoms have been selected out of   1962
          SPATIAL COORDINATES BEING READ FROM UNIT  1
 TITLE> * COORDS
 TITLE> *  DATE:    11/ 9/23     10:32:21      CREATED BY USER: JIANG
 TITLE> *
  
 CHARMM>    CLOSE UNIT 1
 VCLOSE: Closing unit    1 with status "KEEP"
  
 CHARMM>     
  
 CHARMM>    SET I 2
 Parameter: I <- "2"
  
 CHARMM>    LABEL LOOPI
  
 CHARMM>     
  
 CHARMM>    OPEN UNIT 1 FORM READ NAME @path/@protname_ch@I.psf
 Parameter: PATH -> "/DATA/JIANG/AFFI/BINDPPI/1A2K_OUT"
 Parameter: PROTNAME -> "1A2K"
 Parameter: I -> "2"
 VOPEN> Attempting to open::/data/jiang/affi/bindppi/1a2k_out/1a2k_ch2.psf::
 OPNLGU> Unit  1 opened for READONLY access to /data/jiang/affi/bindppi/1a2k_out/1a2k_ch2.psf
  
 CHARMM>    READ PSF CARD APPEnd UNIT 1
 MAINIO> Protein structure file being read from unit   1.
 TITLE>  * PSF
 TITLE>  *  DATE:    11/ 9/23     10:32:22      CREATED BY USER: jiang
 TITLE>  *
 PSFSUM> PSF modified: NONBOND lists and IMAGE atoms cleared.
 PSFSUM> Summary of the structure file counters :
         Number of segments      =        2   Number of residues   =      248
         Number of atoms         =     3924   Number of groups     =     1204
         Number of bonds         =     3976   Number of angles     =     7166
         Number of dihedrals     =    10516   Number of impropers  =      736
         Number of cross-terms   =      244
         Number of HB acceptors  =      380   Number of HB donors  =      424
         Number of NB exclusions =        0   Total charge =  -10.00000
  
 CHARMM>    CLOSE UNIT 1
 VCLOSE: Closing unit    1 with status "KEEP"
  
 CHARMM>     
  
 CHARMM>    OPEN UNIT 1 CARD READ NAME @path/@protname_ch@I.crd
 Parameter: PATH -> "/DATA/JIANG/AFFI/BINDPPI/1A2K_OUT"
 Parameter: PROTNAME -> "1A2K"
 Parameter: I -> "2"
 VOPEN> Attempting to open::/data/jiang/affi/bindppi/1a2k_out/1a2k_ch2.crd::
 OPNLGU> Unit  1 opened for READONLY access to /data/jiang/affi/bindppi/1a2k_out/1a2k_ch2.crd
  
 CHARMM>    READ COOR IGNOre UNIT 1 SELEct SEGId ch@I END
 Parameter: I -> "2"
 SELRPN>   1962 atoms have been selected out of   3924
          SPATIAL COORDINATES BEING READ FROM UNIT  1
 INFO: A subset of total atoms will be read.

 TITLE> * COORDS
 TITLE> *  DATE:    11/ 9/23     10:32:22      CREATED BY USER: JIANG
 TITLE> *
  
 CHARMM>    CLOSE UNIT 1
 VCLOSE: Closing unit    1 with status "KEEP"
  
 CHARMM>     
  
 CHARMM>    INCR I BY 1
 Parameter: I <- "3"
  
 CHARMM>    IF @I LE @NumP GOTO LOOPI
 Parameter: I -> "3"
 Parameter: NUMP -> "3"
 Comparing "3" and "3".
 IF test evaluated as true.  Performing command
  
 CHARMM>     
  
 CHARMM>    OPEN UNIT 1 FORM READ NAME @path/@protname_ch@I.psf
 Parameter: PATH -> "/DATA/JIANG/AFFI/BINDPPI/1A2K_OUT"
 Parameter: PROTNAME -> "1A2K"
 Parameter: I -> "3"
 VOPEN> Attempting to open::/data/jiang/affi/bindppi/1a2k_out/1a2k_ch3.psf::
 OPNLGU> Unit  1 opened for READONLY access to /data/jiang/affi/bindppi/1a2k_out/1a2k_ch3.psf
  
 CHARMM>    READ PSF CARD APPEnd UNIT 1
 MAINIO> Protein structure file being read from unit   1.
 TITLE>  * PSF
 TITLE>  *  DATE:    11/ 9/23     10:32:22      CREATED BY USER: jiang
 TITLE>  *
 PSFSUM> PSF modified: NONBOND lists and IMAGE atoms cleared.
 PSFSUM> Summary of the structure file counters :
         Number of segments      =        3   Number of residues   =      444
         Number of atoms         =     7103   Number of groups     =     2169
         Number of bonds         =     7195   Number of angles     =    13004
         Number of dihedrals     =    19087   Number of impropers  =     1279
         Number of cross-terms   =      438
         Number of HB acceptors  =      663   Number of HB donors  =      778
         Number of NB exclusions =        0   Total charge =   -4.00000
  
 CHARMM>    CLOSE UNIT 1
 VCLOSE: Closing unit    1 with status "KEEP"
  
 CHARMM>     
  
 CHARMM>    OPEN UNIT 1 CARD READ NAME @path/@protname_ch@I.crd
 Parameter: PATH -> "/DATA/JIANG/AFFI/BINDPPI/1A2K_OUT"
 Parameter: PROTNAME -> "1A2K"
 Parameter: I -> "3"
 VOPEN> Attempting to open::/data/jiang/affi/bindppi/1a2k_out/1a2k_ch3.crd::
 OPNLGU> Unit  1 opened for READONLY access to /data/jiang/affi/bindppi/1a2k_out/1a2k_ch3.crd
  
 CHARMM>    READ COOR IGNOre UNIT 1 SELEct SEGId ch@I END
 Parameter: I -> "3"
 SELRPN>   3179 atoms have been selected out of   7103
          SPATIAL COORDINATES BEING READ FROM UNIT  1
 INFO: A subset of total atoms will be read.

 TITLE> * COORDS
 TITLE> *  DATE:    11/ 9/23     10:32:22      CREATED BY USER: JIANG
 TITLE> *
  
 CHARMM>    CLOSE UNIT 1
 VCLOSE: Closing unit    1 with status "KEEP"
  
 CHARMM>     
  
 CHARMM>    INCR I BY 1
 Parameter: I <- "4"
  
 CHARMM>    IF @I LE @NumP GOTO LOOPI
 Parameter: I -> "4"
 Parameter: NUMP -> "3"
 Comparing "4" and "3".
 IF test evaluated as false.  Skipping command
  
 CHARMM>     
  
 CHARMM>     
  
 CHARMM>    OPEN UNIT 1 CARD WRITe NAME @path/@protname_charmm.psf
 Parameter: PATH -> "/DATA/JIANG/AFFI/BINDPPI/1A2K_OUT"
 Parameter: PROTNAME -> "1A2K"
 VOPEN> Attempting to open::/data/jiang/affi/bindppi/1a2k_out/1a2k_charmm.psf::
 OPNLGU> Unit  1 opened for WRITE access to /data/jiang/affi/bindppi/1a2k_out/1a2k_charmm.psf
  
 CHARMM>    WRITe PSF CARD UNIT 1
 RDTITL> * PSF
 RDTITL> *
  
 CHARMM>    OPEN UNIT 1 CARD WRITe NAME @path/@protname_charmm.pdb
 Parameter: PATH -> "/DATA/JIANG/AFFI/BINDPPI/1A2K_OUT"
 Parameter: PROTNAME -> "1A2K"
 OPNLGU> Unit already open. The old file will be closed first.
 VCLOSE: Closing unit    1 with status "KEEP"
 VOPEN> Attempting to open::/data/jiang/affi/bindppi/1a2k_out/1a2k_charmm.pdb::
 OPNLGU> Unit  1 opened for WRITE access to /data/jiang/affi/bindppi/1a2k_out/1a2k_charmm.pdb
  
 CHARMM>    WRITe COOR PDB UNIT 1
 RDTITL> * COORDS
 RDTITL> *
  Write CHARMM-pdb format
  
 CHARMM>     
  
 CHARMM>    OPEN UNIT 1 CARD WRITe NAME @path/@protname_charmm.crd
 Parameter: PATH -> "/DATA/JIANG/AFFI/BINDPPI/1A2K_OUT"
 Parameter: PROTNAME -> "1A2K"
 OPNLGU> Unit already open. The old file will be closed first.
 VCLOSE: Closing unit    1 with status "KEEP"
 VOPEN> Attempting to open::/data/jiang/affi/bindppi/1a2k_out/1a2k_charmm.crd::
 OPNLGU> Unit  1 opened for WRITE access to /data/jiang/affi/bindppi/1a2k_out/1a2k_charmm.crd
  
 CHARMM>    WRITe COOR CARD UNIT 1
 RDTITL> * COORDS
 RDTITL> *
 VCLOSE: Closing unit    1 with status "KEEP"
  
 CHARMM>     
  
 CHARMM>    stop
$$$$$$  New timer profile $$$$$
 Total time                      0.66 Other:            0.00

                    NORMAL TERMINATION BY NORMAL STOP
                    NO WARNINGS WERE ISSUED

                    $$$$$ JOB ACCOUNTING INFORMATION $$$$$
                     ELAPSED TIME:     0.66  SECONDS 
                         CPU TIME:     0.37  SECONDS 
