 Parameter: PATH <- "/DATA/JIANG/AFFI/BINDPPI/1A2K_OUT"
 Parameter: PROTNAME <- "1A2K"
 Parameter: PATHPARA <- "/DATA/JIANG/AFFI/BINDPPI/INPUTFILES"
1
                 Chemistry at HARvard Macromolecular Mechanics
                (CHARMM) - Free Version 41b2   February 15, 2017                
                                Revision unknown                                
       Copyright(c) 1984-2014  President and Fellows of Harvard College
                              All Rights Reserved
     Current operating system: Linux-3.10.0-1160.88.1.el7.x86_64(x86_64)@gp     
                 Created on 11/9/23 at 10:32:23 by user: jiang       

            Maximum number of ATOMS:    360720, and RESidues:      120240
 RDTITL> * PRODUCE NAMD PSF AND PDB FILES FROM CHARMM PSF AND CRD
 RDTITL> *
  
 CHARMM>    bomlev -2
  
 CHARMM>     
  
 CHARMM>    set pathpara @pathpara
 Parameter: PATHPARA -> "/DATA/JIANG/AFFI/BINDPPI/INPUTFILES"
 Parameter: PATHPARA <- "/DATA/JIANG/AFFI/BINDPPI/INPUTFILES"
  
 CHARMM>     
  
 CHARMM>    ! Read in Topology and  Parameter files
 CHARMM>    read rtf card name @pathpara/top_all36_prot.rtf
 Parameter: PATHPARA -> "/DATA/JIANG/AFFI/BINDPPI/INPUTFILES"
 VOPEN> Attempting to open::/data/jiang/affi/bindppi/inputfiles/top_all36_prot.rtf::
 MAINIO> Residue topology file being read from unit  90.
 TITLE> *>>>>>>>>CHARMM36 ALL-HYDROGEN TOPOLOGY FILE FOR PROTEINS <<<<<<
 TITLE> *>>>>> INCLUDES PHI, PSI CROSS TERM MAP (CMAP) CORRECTION <<<<<<<
 TITLE> *>>>>>>>>>>>>>>>>>>>>>>>>>> MAY 2011 <<<<<<<<<<<<<<<<<<<<<<<<<<<<
 TITLE> * ALL COMMENTS TO THE CHARMM WEB SITE: WWW.CHARMM.ORG
 TITLE> *             PARAMETER SET DISCUSSION FORUM
 TITLE> *
 VCLOSE: Closing unit   90 with status "KEEP"
  
 CHARMM>    read param card name @pathpara/par_all36_prot.prm
 Parameter: PATHPARA -> "/DATA/JIANG/AFFI/BINDPPI/INPUTFILES"
 VOPEN> Attempting to open::/data/jiang/affi/bindppi/inputfiles/par_all36_prot.prm::

          PARAMETER FILE BEING READ FROM UNIT 90
 TITLE> *>>>> CHARMM36 ALL-HYDROGEN PARAMETER FILE FOR PROTEINS <<<<<<<<<<
 TITLE> *>>>>> INCLUDES PHI, PSI CROSS TERM MAP (CMAP) CORRECTION <<<<<<<<
 TITLE> *>>>>>>>>>>>>>>>>>>>>>>>>>> FEB. 2012 <<<<<<<<<<<<<<<<<<<<<<<<<<<<
 TITLE> * ALL COMMENTS TO THE CHARMM WEB SITE: WWW.CHARMM.ORG
 TITLE> *             PARAMETER SET DISCUSSION FORUM
 TITLE> *
 PARMIO> NONBOND, HBOND lists and IMAGE atoms cleared.
 VCLOSE: Closing unit   90 with status "KEEP"
  
 CHARMM>     
  
 CHARMM>    ! Read Psf and Crd files of charmm
 CHARMM>     
  
 CHARMM>    OPEN UNIT 1 FORM READ NAME @path/@protname_charmm.psf
 Parameter: PATH -> "/DATA/JIANG/AFFI/BINDPPI/1A2K_OUT"
 Parameter: PROTNAME -> "1A2K"
 VOPEN> Attempting to open::/data/jiang/affi/bindppi/1a2k_out/1a2k_charmm.psf::
 OPNLGU> Unit  1 opened for READONLY access to /data/jiang/affi/bindppi/1a2k_out/1a2k_charmm.psf
  
 CHARMM>    READ PSF CARD UNIT 1
 MAINIO> Protein structure file being read from unit   1.
 TITLE>  * PSF
 TITLE>  *  DATE:    11/ 9/23     10:32:23      CREATED BY USER: jiang
 TITLE>  *
 PSFSUM> PSF modified: NONBOND lists and IMAGE atoms cleared.
 PSFSUM> Summary of the structure file counters :
         Number of segments      =        3   Number of residues   =      444
         Number of atoms         =     7103   Number of groups     =     2169
         Number of bonds         =     7195   Number of angles     =    13004
         Number of dihedrals     =    19087   Number of impropers  =     1279
         Number of cross-terms   =      438
         Number of HB acceptors  =      663   Number of HB donors  =      778
         Number of NB exclusions =        0   Total charge =   -4.00000
  
 CHARMM>    CLOSe UNIT 1
 VCLOSE: Closing unit    1 with status "KEEP"
  
 CHARMM>     
  
 CHARMM>    OPEN UNIT 1 CARD READ NAME @path/@protname_charmm.crd
 Parameter: PATH -> "/DATA/JIANG/AFFI/BINDPPI/1A2K_OUT"
 Parameter: PROTNAME -> "1A2K"
 VOPEN> Attempting to open::/data/jiang/affi/bindppi/1a2k_out/1a2k_charmm.crd::
 OPNLGU> Unit  1 opened for READONLY access to /data/jiang/affi/bindppi/1a2k_out/1a2k_charmm.crd
  
 CHARMM>    READ COOR CARD UNIT 1
          SPATIAL COORDINATES BEING READ FROM UNIT  1
 TITLE> * COORDS
 TITLE> *  DATE:    11/ 9/23     10:32:23      CREATED BY USER: JIANG
 TITLE> *
  
 CHARMM>    CLOSE UNIT 1
 VCLOSE: Closing unit    1 with status "KEEP"
  
 CHARMM>     
  
 CHARMM>    ! produce namd psf and pdb files
 CHARMM>     
  
 CHARMM>    open write unit 1 card name @path/@protname_namd.psf
 Parameter: PATH -> "/DATA/JIANG/AFFI/BINDPPI/1A2K_OUT"
 Parameter: PROTNAME -> "1A2K"
 VOPEN> Attempting to open::/data/jiang/affi/bindppi/1a2k_out/1a2k_namd.psf::
 OPNLGU> Unit  1 opened for WRITE access to /data/jiang/affi/bindppi/1a2k_out/1a2k_namd.psf
  
 CHARMM>    write psf card xplor unit 1
 RDTITL> CLOSE UNIT 1
 RDTITL> No title read.
  
 CHARMM>    close unit 1
 VCLOSE: Closing unit    1 with status "KEEP"
  
 CHARMM>     
  
 CHARMM>    open write unit 1 card name @path/@protname_namd.pdb
 Parameter: PATH -> "/DATA/JIANG/AFFI/BINDPPI/1A2K_OUT"
 Parameter: PROTNAME -> "1A2K"
 VOPEN> Attempting to open::/data/jiang/affi/bindppi/1a2k_out/1a2k_namd.pdb::
 OPNLGU> Unit  1 opened for WRITE access to /data/jiang/affi/bindppi/1a2k_out/1a2k_namd.pdb
  
 CHARMM>    write coor pdb unit 1
 RDTITL> CLOSE UNIT 1
 RDTITL> No title read.
  Write CHARMM-pdb format
  
 CHARMM>    close unit 1
 VCLOSE: Closing unit    1 with status "KEEP"
  
 CHARMM>     
  
 CHARMM>     
  
$$$$$$  New timer profile $$$$$
 Total time                      0.60 Other:            0.00

                    NORMAL TERMINATION BY END OF FILE
                    NO WARNINGS WERE ISSUED

                    $$$$$ JOB ACCOUNTING INFORMATION $$$$$
                     ELAPSED TIME:     0.60  SECONDS 
                         CPU TIME:     0.36  SECONDS 
