## PROVEAN v1.1 output ##
# Query sequence file:	/data/jiang/affi/bindppi/1a2k_out/1A2K_B.seq
# Variation file:	/data/jiang/affi/bindppi/1a2k_out/1A2K_B.var
# Protein database:	/data/software/blastdb/nr
[10:33:14] searching related sequences...
[10:33:17] clustering subject sequences...
# Number of clusters:	30
# Number of supporting sequences used:	137
[10:33:17] computing delta alignment scores...
## PROVEAN scores ##
# VARIATION	SCORE
A119A	0.000
A88A	0.000
D89A	-6.388
D91A	-5.886
E39A	-5.785
E90A	-3.965
F116A	-6.810
F123A	-1.496
F58A	-6.878
G124A	-0.423
H121A	-6.480
H63A	-6.536
I61A	-3.773
I93A	-0.859
K52A	-5.555
K87A	-3.800
L118A	-4.339
L120A	-2.794
L56A	-4.611
L86A	-4.497
M94A	-2.290
N122A	-4.510
P57A	-4.976
P92A	-5.356
Q41A	-1.969
R117A	-5.234
W38A	-6.383
