 Parameter: PATH <- "/DATA/JIANG/AFFI/BINDPPI/1A2K_OUT"
 Parameter: PROTNAME <- "1A2K"
 Parameter: I <- "3"
 Parameter: PATHPARA <- "/DATA/JIANG/AFFI/BINDPPI/INPUTFILES"
1
                 Chemistry at HARvard Macromolecular Mechanics
                (CHARMM) - Free Version 41b2   February 15, 2017                
                                Revision unknown                                
       Copyright(c) 1984-2014  President and Fellows of Harvard College
                              All Rights Reserved
     Current operating system: Linux-3.10.0-1160.88.1.el7.x86_64(x86_64)@gp     
                 Created on 11/9/23 at 10:32:22 by user: jiang       

            Maximum number of ATOMS:    360720, and RESidues:      120240
 RDTITL>  
 RDTITL> No title read.

      ***** LEVEL  1 WARNING FROM <RDTITL> *****
      ***** Title expected.
      ******************************************
      BOMLEV (  0) IS NOT REACHED. WRNLEV IS  5

  
 CHARMM>     
  
 CHARMM>    set pathpara @pathpara
 Parameter: PATHPARA -> "/DATA/JIANG/AFFI/BINDPPI/INPUTFILES"
 Parameter: PATHPARA <- "/DATA/JIANG/AFFI/BINDPPI/INPUTFILES"
  
 CHARMM>     
  
 CHARMM>    ! Read in Topology and  Parameter files
 CHARMM>    read rtf card name @pathpara/top_all36_prot.rtf
 Parameter: PATHPARA -> "/DATA/JIANG/AFFI/BINDPPI/INPUTFILES"
 VOPEN> Attempting to open::/data/jiang/affi/bindppi/inputfiles/top_all36_prot.rtf::
 MAINIO> Residue topology file being read from unit  90.
 TITLE> *>>>>>>>>CHARMM36 ALL-HYDROGEN TOPOLOGY FILE FOR PROTEINS <<<<<<
 TITLE> *>>>>> INCLUDES PHI, PSI CROSS TERM MAP (CMAP) CORRECTION <<<<<<<
 TITLE> *>>>>>>>>>>>>>>>>>>>>>>>>>> MAY 2011 <<<<<<<<<<<<<<<<<<<<<<<<<<<<
 TITLE> * ALL COMMENTS TO THE CHARMM WEB SITE: WWW.CHARMM.ORG
 TITLE> *             PARAMETER SET DISCUSSION FORUM
 TITLE> *
 VCLOSE: Closing unit   90 with status "KEEP"
  
 CHARMM>    read param card name @pathpara/par_all36_prot.prm
 Parameter: PATHPARA -> "/DATA/JIANG/AFFI/BINDPPI/INPUTFILES"
 VOPEN> Attempting to open::/data/jiang/affi/bindppi/inputfiles/par_all36_prot.prm::

          PARAMETER FILE BEING READ FROM UNIT 90
 TITLE> *>>>> CHARMM36 ALL-HYDROGEN PARAMETER FILE FOR PROTEINS <<<<<<<<<<
 TITLE> *>>>>> INCLUDES PHI, PSI CROSS TERM MAP (CMAP) CORRECTION <<<<<<<<
 TITLE> *>>>>>>>>>>>>>>>>>>>>>>>>>> FEB. 2012 <<<<<<<<<<<<<<<<<<<<<<<<<<<<
 TITLE> * ALL COMMENTS TO THE CHARMM WEB SITE: WWW.CHARMM.ORG
 TITLE> *             PARAMETER SET DISCUSSION FORUM
 TITLE> *
 PARMIO> NONBOND, HBOND lists and IMAGE atoms cleared.
 VCLOSE: Closing unit   90 with status "KEEP"
  
 CHARMM>     
  
 CHARMM>     
  
 CHARMM>    ! Read sequence from the PDB coordinate file
 CHARMM>    open unit 1 card read name @path/@protname_ch@I.pdb
 Parameter: PATH -> "/DATA/JIANG/AFFI/BINDPPI/1A2K_OUT"
 Parameter: PROTNAME -> "1A2K"
 Parameter: I -> "3"
 VOPEN> Attempting to open::/data/jiang/affi/bindppi/1a2k_out/1a2k_ch3.pdb::
 OPNLGU> Unit  1 opened for READONLY access to /data/jiang/affi/bindppi/1a2k_out/1a2k_ch3.pdb
  
 CHARMM>    read sequ pdb unit 1
 MAINIO> Sequence information being read from unit   1.
 TITLE>  *

          RESIDUE SEQUENCE --   196 RESIDUES
          GLN VAL GLN PHE LYS LEU VAL LEU VAL GLY ASP GLY GLY THR GLY LYS THR THR PHE VAL 
          LYS ARG HSD LEU THR GLY GLU PHE GLU LYS LYS TYR VAL ALA THR LEU GLY VAL GLU VAL 
          HSD PRO LEU VAL PHE HSD THR ASN ARG GLY PRO ILE LYS PHE ASN VAL TRP ASP THR ALA 
          GLY GLN GLU LYS PHE GLY GLY LEU ARG ASP GLY TYR TYR ILE GLN ALA GLN CYS ALA ILE 
          ILE MET PHE ASP VAL THR SER ARG VAL THR TYR LYS ASN VAL PRO ASN TRP HSD ARG ASP 
          LEU VAL ARG VAL CYS GLU ASN ILE PRO ILE VAL LEU CYS GLY ASN LYS VAL ASP ILE LYS 
          ASP ARG LYS VAL LYS ALA LYS SER ILE VAL PHE HSD ARG LYS LYS ASN LEU GLN TYR TYR 
          ASP ILE SER ALA LYS SER ASN TYR ASN PHE GLU LYS PRO PHE LEU TRP LEU ALA ARG LYS 
          LEU ILE GLY ASP PRO ASN LEU GLU PHE VAL ALA MET PRO ALA LEU ALA PRO PRO GLU VAL 
          VAL MET ASP PRO ALA LEU ALA ALA GLN TYR GLU HSD ASP LEU GLU VAL 
 ***** Message from SEQRDR ***** THE SYSTEM CONTAINS 53 TITRATABLE GROUPS
 THE USER MUST PREDETERMINE THE PROTONATION STATE THROUGH THE SEQUENCE AND RTF
 HIS -  0  HSD -  6  HSE -  0  HSP -  0  ASP - 11  GLU - 10  LYS - 18  TYR -  8
  
 CHARMM>     
  
 CHARMM>    ! now generate the PSF and also the IC table (SETU keyword)
 CHARMM>    generate setu ch@I
 Parameter: I -> "3"
 THE PATCH 'NTER' WILL BE USED FOR THE FIRST RESIDUE
 THE PATCH 'CTER' WILL BE USED FOR THE LAST  RESIDUE
 GENPSF> Segment   1 has been generated. Its identifier is CH3.
 PSFSUM> PSF modified: NONBOND lists and IMAGE atoms cleared.
 PSFSUM> Summary of the structure file counters :
         Number of segments      =        1   Number of residues   =      196
         Number of atoms         =     3179   Number of groups     =      965
         Number of bonds         =     3219   Number of angles     =     5838
         Number of dihedrals     =     8571   Number of impropers  =      543
         Number of cross-terms   =      194
         Number of HB acceptors  =      283   Number of HB donors  =      354
         Number of NB exclusions =        0   Total charge =    6.00000
  
 CHARMM>    rewind unit 1
                    REWINDING UNIT     1
  
 CHARMM>     
  
 CHARMM>    ! set bomlev to -1 to avois sying on lack of hydrogen coordinates
 CHARMM>    bomlev -1
  
 CHARMM>     
  
 CHARMM>    ! read coor pdb resid unit 1  ! donot work for missing coordinates
 CHARMM>    read coor pdb unit 1
  read CHARMM-pdb format
          SPATIAL COORDINATES BEING READ FROM UNIT  1
 TITLE>  *
  
 CHARMM>     
  
 CHARMM>    ! them put bomlev back up to 0
 CHARMM>    bomlev 0
  
 CHARMM>     
  
 CHARMM>    close unit 1
 VCLOSE: Closing unit    1 with status "KEEP"
  
 CHARMM>     
  
 CHARMM>    ! prints out number of atoms that still have undefined coordinates.
 CHARMM>    define test select segid ch@I .and. ( .not. hydrogen ) .and. ( .not. init ) show end
 Parameter: I -> "3"
 The following atoms are currently set:
SEGId RESId RESName  .. TYPEs ..
 SELRPN>      0 atoms have been selected out of   3179
  
 CHARMM>     
  
 CHARMM>    ic para
  
 CHARMM>    ic fill preserve
  
 CHARMM>    ic build
  
 CHARMM>    hbuild sele all end
 SELRPN>   3179 atoms have been selected out of   3179

      ***** LEVEL  4 WARNING FROM <GTHBUI> *****
      ***** Zero selection specified
      ******************************************
      BOMLEV (  0) IS NOT REACHED. WRNLEV IS  5

  
 CHARMM>     
  
 CHARMM>    ! write out the protein structure file (psf) and
 CHARMM>    ! the coordinate file in pdb and crd format.
 CHARMM>     
  
 CHARMM>    write psf card name @path/@protname_ch@I.psf
 Parameter: PATH -> "/DATA/JIANG/AFFI/BINDPPI/1A2K_OUT"
 Parameter: PROTNAME -> "1A2K"
 Parameter: I -> "3"
 VOPEN> Attempting to open::/data/jiang/affi/bindppi/1a2k_out/1a2k_ch3.psf::
 RDTITL> * PSF
 RDTITL> *
 VCLOSE: Closing unit   90 with status "KEEP"
  
 CHARMM>     
  
 CHARMM>    write coor card name @path/@protname_ch@I.crd
 Parameter: PATH -> "/DATA/JIANG/AFFI/BINDPPI/1A2K_OUT"
 Parameter: PROTNAME -> "1A2K"
 Parameter: I -> "3"
 VOPEN> Attempting to open::/data/jiang/affi/bindppi/1a2k_out/1a2k_ch3.crd::
 RDTITL> * COORDS
 RDTITL> *
 VCLOSE: Closing unit   90 with status "KEEP"
 VCLOSE: Closing unit   90 with status "KEEP"
  
 CHARMM>     
  
 CHARMM>    stop
$$$$$$  New timer profile $$$$$
 Total time                      0.39 Other:            0.00

                    NORMAL TERMINATION BY NORMAL STOP
                    MOST SEVERE WARNING WAS AT LEVEL  4

                    $$$$$ JOB ACCOUNTING INFORMATION $$$$$
                     ELAPSED TIME:     0.39  SECONDS 
                         CPU TIME:     0.28  SECONDS 
